d:\유준환\139기\defaultwindow\230608\debug\client.pch
d:\유준환\139기\defaultwindow\230608\debug\vc140.pdb
d:\유준환\139기\defaultwindow\230608\debug\vc140.idb
d:\유준환\139기\defaultwindow\230608\debug\stdafx.obj
d:\유준환\139기\defaultwindow\230608\debug\line.obj
d:\유준환\139기\defaultwindow\230608\debug\linemgr.obj
d:\유준환\139기\defaultwindow\230608\debug\logo.obj
d:\유준환\139기\defaultwindow\230608\debug\maingame.obj
d:\유준환\139기\defaultwindow\230608\debug\monster.obj
d:\유준환\139기\defaultwindow\230608\debug\mouse.obj
d:\유준환\139기\defaultwindow\230608\debug\mybutton.obj
d:\유준환\139기\defaultwindow\230608\debug\myedit.obj
d:\유준환\139기\defaultwindow\230608\debug\mymenu.obj
d:\유준환\139기\defaultwindow\230608\debug\obj.obj
d:\유준환\139기\defaultwindow\230608\debug\objmgr.obj
d:\유준환\139기\defaultwindow\230608\debug\player.obj
d:\유준환\139기\defaultwindow\230608\debug\scene.obj
d:\유준환\139기\defaultwindow\230608\debug\scenemgr.obj
d:\유준환\139기\defaultwindow\230608\debug\screwbullet.obj
d:\유준환\139기\defaultwindow\230608\debug\scrollmgr.obj
d:\유준환\139기\defaultwindow\230608\debug\shield.obj
d:\유준환\139기\defaultwindow\230608\debug\stage.obj
d:\유준환\139기\defaultwindow\230608\debug\tile.obj
d:\유준환\139기\defaultwindow\230608\debug\tilemgr.obj
d:\유준환\139기\defaultwindow\230608\debug\230608.obj
d:\유준환\139기\defaultwindow\230608\debug\bitmap.obj
d:\유준환\139기\defaultwindow\230608\debug\bmpmgr.obj
d:\유준환\139기\defaultwindow\230608\debug\bullet.obj
d:\유준환\139기\defaultwindow\230608\debug\collisionmgr.obj
d:\유준환\139기\defaultwindow\230608\debug\guidebullet.obj
d:\유준환\139기\defaultwindow\230608\debug\keymgr.obj
d:\유준환\139기\defaultwindow\debug\client.ilk
d:\유준환\139기\defaultwindow\debug\client.exe
d:\유준환\139기\defaultwindow\debug\client.pdb
d:\유준환\139기\defaultwindow\230608\debug\230608.res
d:\유준환\139기\defaultwindow\230608\debug\client.tlog\cl.command.1.tlog
d:\유준환\139기\defaultwindow\230608\debug\client.tlog\cl.read.1.tlog
d:\유준환\139기\defaultwindow\230608\debug\client.tlog\cl.write.1.tlog
d:\유준환\139기\defaultwindow\230608\debug\client.tlog\link.command.1.tlog
d:\유준환\139기\defaultwindow\230608\debug\client.tlog\link.read.1.tlog
d:\유준환\139기\defaultwindow\230608\debug\client.tlog\link.write.1.tlog
d:\유준환\139기\defaultwindow\230608\debug\client.tlog\rc.command.1.tlog
d:\유준환\139기\defaultwindow\230608\debug\client.tlog\rc.read.1.tlog
d:\유준환\139기\defaultwindow\230608\debug\client.tlog\rc.write.1.tlog
