  230608.cpp
  BitMap.cpp
  BmpMgr.cpp
  Bullet.cpp
C:\Users\노다정\Desktop\Jusin Academy\API_Project\프레임워크 수정용\수정1\230608\Obj.h(48,10): error C3646: 'm_tStates': 알 수 없는 재정의 지정자입니다.
C:\Users\노다정\Desktop\Jusin Academy\API_Project\프레임워크 수정용\수정1\230608\Obj.h(48,19): error C4430: 형식 지정자가 없습니다. int로 가정합니다. 참고: C++에서는 기본 int를 지원하지 않습니다.
  CollisionMgr.cpp
C:\Users\노다정\Desktop\Jusin Academy\API_Project\프레임워크 수정용\수정1\230608\Obj.h(48,10): error C3646: 'm_tStates': 알 수 없는 재정의 지정자입니다.
C:\Users\노다정\Desktop\Jusin Academy\API_Project\프레임워크 수정용\수정1\230608\Obj.h(48,19): error C4430: 형식 지정자가 없습니다. int로 가정합니다. 참고: C++에서는 기본 int를 지원하지 않습니다.
  GuideBullet.cpp
C:\Users\노다정\Desktop\Jusin Academy\API_Project\프레임워크 수정용\수정1\230608\Obj.h(48,10): error C3646: 'm_tStates': 알 수 없는 재정의 지정자입니다.
C:\Users\노다정\Desktop\Jusin Academy\API_Project\프레임워크 수정용\수정1\230608\Obj.h(48,19): error C4430: 형식 지정자가 없습니다. int로 가정합니다. 참고: C++에서는 기본 int를 지원하지 않습니다.
  KeyMgr.cpp
  Line.cpp
  LineMgr.cpp
  Logo.cpp
C:\Users\노다정\Desktop\Jusin Academy\API_Project\프레임워크 수정용\수정1\230608\Obj.h(48,10): error C3646: 'm_tStates': 알 수 없는 재정의 지정자입니다.
C:\Users\노다정\Desktop\Jusin Academy\API_Project\프레임워크 수정용\수정1\230608\Obj.h(48,19): error C4430: 형식 지정자가 없습니다. int로 가정합니다. 참고: C++에서는 기본 int를 지원하지 않습니다.
  MainGame.cpp
C:\Users\노다정\Desktop\Jusin Academy\API_Project\프레임워크 수정용\수정1\230608\Obj.h(48,10): error C3646: 'm_tStates': 알 수 없는 재정의 지정자입니다.
C:\Users\노다정\Desktop\Jusin Academy\API_Project\프레임워크 수정용\수정1\230608\Obj.h(48,19): error C4430: 형식 지정자가 없습니다. int로 가정합니다. 참고: C++에서는 기본 int를 지원하지 않습니다.
C:\Users\노다정\Desktop\Jusin Academy\API_Project\프레임워크 수정용\수정1\230608\MainGame.cpp(32,42): error C2065: 'RUIN': 선언되지 않은 식별자입니다.
C:\Users\노다정\Desktop\Jusin Academy\API_Project\프레임워크 수정용\수정1\230608\MainGame.cpp(65,6): error C2065: 'RUIN': 선언되지 않은 식별자입니다.
  Monster.cpp
C:\Users\노다정\Desktop\Jusin Academy\API_Project\프레임워크 수정용\수정1\230608\Obj.h(48,10): error C3646: 'm_tStates': 알 수 없는 재정의 지정자입니다.
C:\Users\노다정\Desktop\Jusin Academy\API_Project\프레임워크 수정용\수정1\230608\Obj.h(48,19): error C4430: 형식 지정자가 없습니다. int로 가정합니다. 참고: C++에서는 기본 int를 지원하지 않습니다.
  Mouse.cpp
C:\Users\노다정\Desktop\Jusin Academy\API_Project\프레임워크 수정용\수정1\230608\Obj.h(48,10): error C3646: 'm_tStates': 알 수 없는 재정의 지정자입니다.
C:\Users\노다정\Desktop\Jusin Academy\API_Project\프레임워크 수정용\수정1\230608\Obj.h(48,19): error C4430: 형식 지정자가 없습니다. int로 가정합니다. 참고: C++에서는 기본 int를 지원하지 않습니다.
  MyButton.cpp
C:\Users\노다정\Desktop\Jusin Academy\API_Project\프레임워크 수정용\수정1\230608\Obj.h(48,10): error C3646: 'm_tStates': 알 수 없는 재정의 지정자입니다.
C:\Users\노다정\Desktop\Jusin Academy\API_Project\프레임워크 수정용\수정1\230608\Obj.h(48,19): error C4430: 형식 지정자가 없습니다. int로 가정합니다. 참고: C++에서는 기본 int를 지원하지 않습니다.
  MyEdit.cpp
C:\Users\노다정\Desktop\Jusin Academy\API_Project\프레임워크 수정용\수정1\230608\Obj.h(48,10): error C3646: 'm_tStates': 알 수 없는 재정의 지정자입니다.
C:\Users\노다정\Desktop\Jusin Academy\API_Project\프레임워크 수정용\수정1\230608\Obj.h(48,19): error C4430: 형식 지정자가 없습니다. int로 가정합니다. 참고: C++에서는 기본 int를 지원하지 않습니다.
  MyMenu.cpp
C:\Users\노다정\Desktop\Jusin Academy\API_Project\프레임워크 수정용\수정1\230608\Obj.h(48,10): error C3646: 'm_tStates': 알 수 없는 재정의 지정자입니다.
C:\Users\노다정\Desktop\Jusin Academy\API_Project\프레임워크 수정용\수정1\230608\Obj.h(48,19): error C4430: 형식 지정자가 없습니다. int로 가정합니다. 참고: C++에서는 기본 int를 지원하지 않습니다.
  Obj.cpp
C:\Users\노다정\Desktop\Jusin Academy\API_Project\프레임워크 수정용\수정1\230608\Obj.h(48,10): error C3646: 'm_tStates': 알 수 없는 재정의 지정자입니다.
C:\Users\노다정\Desktop\Jusin Academy\API_Project\프레임워크 수정용\수정1\230608\Obj.h(48,19): error C4430: 형식 지정자가 없습니다. int로 가정합니다. 참고: C++에서는 기본 int를 지원하지 않습니다.
  ObjMgr.cpp
C:\Users\노다정\Desktop\Jusin Academy\API_Project\프레임워크 수정용\수정1\230608\Obj.h(48,10): error C3646: 'm_tStates': 알 수 없는 재정의 지정자입니다.
C:\Users\노다정\Desktop\Jusin Academy\API_Project\프레임워크 수정용\수정1\230608\Obj.h(48,19): error C4430: 형식 지정자가 없습니다. int로 가정합니다. 참고: C++에서는 기본 int를 지원하지 않습니다.
  Player.cpp
C:\Users\노다정\Desktop\Jusin Academy\API_Project\프레임워크 수정용\수정1\230608\Obj.h(48,10): error C3646: 'm_tStates': 알 수 없는 재정의 지정자입니다.
C:\Users\노다정\Desktop\Jusin Academy\API_Project\프레임워크 수정용\수정1\230608\Obj.h(48,19): error C4430: 형식 지정자가 없습니다. int로 가정합니다. 참고: C++에서는 기본 int를 지원하지 않습니다.
C:\Users\노다정\Desktop\Jusin Academy\API_Project\프레임워크 수정용\수정1\230608\Player.cpp(31,2): error C2065: 'm_tStates': 선언되지 않은 식별자입니다.
C:\Users\노다정\Desktop\Jusin Academy\API_Project\프레임워크 수정용\수정1\230608\Player.cpp(31,44): error C3079: 이니셜라이저 목록을 이 대입 연산자의 오른쪽 피연산자로 사용할 수 없습니다.
  Scene.cpp
  코드를 생성하고 있습니다...
  컴파일하고 있습니다...
  SceneMgr.cpp
C:\Users\노다정\Desktop\Jusin Academy\API_Project\프레임워크 수정용\수정1\230608\Obj.h(48,10): error C3646: 'm_tStates': 알 수 없는 재정의 지정자입니다.
C:\Users\노다정\Desktop\Jusin Academy\API_Project\프레임워크 수정용\수정1\230608\Obj.h(48,19): error C4430: 형식 지정자가 없습니다. int로 가정합니다. 참고: C++에서는 기본 int를 지원하지 않습니다.
C:\Users\노다정\Desktop\Jusin Academy\API_Project\프레임워크 수정용\수정1\230608\SceneMgr.cpp(7,16): error C2065: 'RUIN': 선언되지 않은 식별자입니다.
C:\Users\노다정\Desktop\Jusin Academy\API_Project\프레임워크 수정용\수정1\230608\SceneMgr.cpp(7,35): error C2065: 'SCENE_END': 선언되지 않은 식별자입니다.
C:\Users\노다정\Desktop\Jusin Academy\API_Project\프레임워크 수정용\수정1\230608\SceneMgr.cpp(26,8): error C2065: 'RUIN': 선언되지 않은 식별자입니다.
C:\Users\노다정\Desktop\Jusin Academy\API_Project\프레임워크 수정용\수정1\230608\SceneMgr.cpp(30,8): error C2065: 'FLOWEY': 선언되지 않은 식별자입니다.
C:\Users\노다정\Desktop\Jusin Academy\API_Project\프레임워크 수정용\수정1\230608\SceneMgr.cpp(34,8): error C2065: 'MONSTER_IDLE': 선언되지 않은 식별자입니다.
C:\Users\노다정\Desktop\Jusin Academy\API_Project\프레임워크 수정용\수정1\230608\SceneMgr.cpp(38,8): error C2065: 'MONSTER_ATTACK': 선언되지 않은 식별자입니다.
C:\Users\노다정\Desktop\Jusin Academy\API_Project\프레임워크 수정용\수정1\230608\SceneMgr.cpp(42,8): error C2065: 'BOSS_IDLE': 선언되지 않은 식별자입니다.
C:\Users\노다정\Desktop\Jusin Academy\API_Project\프레임워크 수정용\수정1\230608\SceneMgr.cpp(45,8): error C2065: 'BOSS_ATTACK': 선언되지 않은 식별자입니다.
C:\Users\노다정\Desktop\Jusin Academy\API_Project\프레임워크 수정용\수정1\230608\SceneMgr.cpp(26,1): error C2051: case 식이 상수가 아닙니다.
C:\Users\노다정\Desktop\Jusin Academy\API_Project\프레임워크 수정용\수정1\230608\SceneMgr.cpp(30,1): error C2051: case 식이 상수가 아닙니다.
C:\Users\노다정\Desktop\Jusin Academy\API_Project\프레임워크 수정용\수정1\230608\SceneMgr.cpp(34,1): error C2051: case 식이 상수가 아닙니다.
C:\Users\노다정\Desktop\Jusin Academy\API_Project\프레임워크 수정용\수정1\230608\SceneMgr.cpp(38,1): error C2051: case 식이 상수가 아닙니다.
C:\Users\노다정\Desktop\Jusin Academy\API_Project\프레임워크 수정용\수정1\230608\SceneMgr.cpp(42,1): error C2051: case 식이 상수가 아닙니다.
C:\Users\노다정\Desktop\Jusin Academy\API_Project\프레임워크 수정용\수정1\230608\SceneMgr.cpp(45,1): error C2051: case 식이 상수가 아닙니다.
C:\Users\노다정\Desktop\Jusin Academy\API_Project\프레임워크 수정용\수정1\230608\SceneMgr.cpp(47,3): warning C4060: switch문에 'case' 또는 'default' 레이블이 없습니다.
  ScrewBullet.cpp
C:\Users\노다정\Desktop\Jusin Academy\API_Project\프레임워크 수정용\수정1\230608\Obj.h(48,10): error C3646: 'm_tStates': 알 수 없는 재정의 지정자입니다.
C:\Users\노다정\Desktop\Jusin Academy\API_Project\프레임워크 수정용\수정1\230608\Obj.h(48,19): error C4430: 형식 지정자가 없습니다. int로 가정합니다. 참고: C++에서는 기본 int를 지원하지 않습니다.
  ScrollMgr.cpp
  Shield.cpp
C:\Users\노다정\Desktop\Jusin Academy\API_Project\프레임워크 수정용\수정1\230608\Obj.h(48,10): error C3646: 'm_tStates': 알 수 없는 재정의 지정자입니다.
C:\Users\노다정\Desktop\Jusin Academy\API_Project\프레임워크 수정용\수정1\230608\Obj.h(48,19): error C4430: 형식 지정자가 없습니다. int로 가정합니다. 참고: C++에서는 기본 int를 지원하지 않습니다.
  SoundMgr.cpp
  Stage.cpp
C:\Users\노다정\Desktop\Jusin Academy\API_Project\프레임워크 수정용\수정1\230608\Obj.h(48,10): error C3646: 'm_tStates': 알 수 없는 재정의 지정자입니다.
C:\Users\노다정\Desktop\Jusin Academy\API_Project\프레임워크 수정용\수정1\230608\Obj.h(48,19): error C4430: 형식 지정자가 없습니다. int로 가정합니다. 참고: C++에서는 기본 int를 지원하지 않습니다.
  Tile.cpp
C:\Users\노다정\Desktop\Jusin Academy\API_Project\프레임워크 수정용\수정1\230608\Obj.h(48,10): error C3646: 'm_tStates': 알 수 없는 재정의 지정자입니다.
C:\Users\노다정\Desktop\Jusin Academy\API_Project\프레임워크 수정용\수정1\230608\Obj.h(48,19): error C4430: 형식 지정자가 없습니다. int로 가정합니다. 참고: C++에서는 기본 int를 지원하지 않습니다.
  TileMgr.cpp
C:\Users\노다정\Desktop\Jusin Academy\API_Project\프레임워크 수정용\수정1\230608\Obj.h(48,10): error C3646: 'm_tStates': 알 수 없는 재정의 지정자입니다.
C:\Users\노다정\Desktop\Jusin Academy\API_Project\프레임워크 수정용\수정1\230608\Obj.h(48,19): error C4430: 형식 지정자가 없습니다. int로 가정합니다. 참고: C++에서는 기본 int를 지원하지 않습니다.
  코드를 생성하고 있습니다...
