  stdafx.cpp
  230608.cpp
  Boss.cpp
  BossAttack.cpp
  BossChase.cpp
  BossIdle.cpp
  Bullet.cpp
  CollisionMgr.cpp
C:\Users\hmbga\Downloads\명빈 플레이어 상태 구현,승용 수정\230608\CollisionMgr.cpp(79,16): warning C4244: '초기화 중': 'double'에서 'float'(으)로 변환하면서 데이터가 손실될 수 있습니다.
C:\Users\hmbga\Downloads\명빈 플레이어 상태 구현,승용 수정\230608\CollisionMgr.cpp(80,17): warning C4244: '초기화 중': 'double'에서 'float'(으)로 변환하면서 데이터가 손실될 수 있습니다.
C:\Users\hmbga\Downloads\명빈 플레이어 상태 구현,승용 수정\230608\CollisionMgr.cpp(117,18): warning C4244: '초기화 중': 'double'에서 'float'(으)로 변환하면서 데이터가 손실될 수 있습니다.
  Intro.cpp
  KeyMgr.cpp
  Line.cpp
  LineMgr.cpp
  Loading1.cpp
  Loading2.cpp
  Loading3.cpp
  Loading4.cpp
  MainGame.cpp
  Monster.cpp
  MonsterS1.cpp
  MonsterS2.cpp
  MonsterS3.cpp
  코드를 생성하고 있습니다...
  컴파일하고 있습니다...
  MonsterS4.cpp
  Mouse.cpp
  NewPlayer.cpp
  NewPlayerAirAttack.cpp
  NewPlayerAirAttack1.cpp
  NewPlayerAirAttack2.cpp
  NewPlayerDash.cpp
  NewPlayerFall.cpp
  NewPlayerGroundAttack.cpp
  NewPlayerGroundAttack1.cpp
  NewPlayerGroundAttack2.cpp
  NewPlayerGroundAttack3.cpp
  NewPlayerIdle.cpp
  NewPlayerJump.cpp
  NewPlayerOnAir.cpp
  NewPlayerOnGround.cpp
  NewPlayerTeleport.cpp
  NewPlayerWalk.cpp
  Obj.cpp
  ObjMgr.cpp
  코드를 생성하고 있습니다...
  컴파일하고 있습니다...
  Player.cpp
  PlayerS1.cpp
  PlayerS2.cpp
  PlayerS3.cpp
  PlayerS4.cpp
  ScrollMgr.cpp
  Stage1.cpp
  Stage2.cpp
  Stage3.cpp
  Stage4.cpp
  코드를 생성하고 있습니다...
  230608.vcxproj -> C:\Users\hmbga\Downloads\명빈 플레이어 상태 구현,승용 수정\Debug\230608.exe
